scripts/verify-mermaid-diagrams.ts(210,3): error TS1472: 'catch' or 'finally' expected.
scripts/verify-mermaid-diagrams.ts(210,5): error TS1005: 'try' expected.
scripts/verify-mermaid-diagrams.ts(216,1): error TS1128: Declaration or statement expected.
